2025-03-20 10:35:37,423 - __main__ - INFO - Starting application...
2025-03-20 10:35:37,424 - __main__ - INFO - Starting voice recognition initialization...
2025-03-20 10:35:37,424 - __main__ - INFO - Starting Flask application with SocketIO...
2025-03-20 10:35:37,424 - __main__ - INFO - Initializing BrowserManager...
2025-03-20 10:35:37,425 - __main__ - INFO - Initializing YouTubeController...
2025-03-20 10:35:37,425 - __main__ - INFO - Initializing CommandProcessor...
2025-03-20 10:35:37,425 - __main__ - ERROR - Error in voice recognition: 'BrowserManager' object has no attribute 'open_browser'
2025-03-20 10:35:37,426 - __main__ - INFO - Starting cleanup...
2025-03-20 10:35:37,426 - __main__ - INFO - Closing browser...
2025-03-20 10:35:37,428 - __main__ - INFO - Waiting for voice thread to finish...
2025-03-20 10:35:37,428 - __main__ - ERROR - Error during cleanup: cannot join current thread
2025-03-20 10:42:26,013 - __main__ - INFO - Starting application...
2025-03-20 10:42:26,014 - __main__ - INFO - Starting voice recognition initialization...
2025-03-20 10:42:26,014 - __main__ - INFO - Starting Flask application with SocketIO...
2025-03-20 10:42:26,015 - __main__ - INFO - Initializing BrowserManager...
2025-03-20 10:42:26,016 - __main__ - INFO - Initializing YouTubeController...
2025-03-20 10:42:26,016 - __main__ - INFO - Initializing CommandProcessor...
2025-03-20 10:42:26,017 - __main__ - INFO - Initializing VoiceRecognizer...
2025-03-20 10:42:29,157 - root - INFO - VoiceRecognizer initialized successfully
2025-03-20 10:42:29,157 - __main__ - INFO - Starting voice recognition...
2025-03-20 10:42:29,158 - root - INFO - Initializing microphone...
2025-03-20 10:42:29,158 - root - INFO - Voice recognition started
2025-03-20 10:42:30,952 - root - INFO - Microphone initialized successfully
2025-03-20 10:42:31,027 - root - INFO - Adjusting for ambient noise...
2025-03-20 10:42:31,539 - root - INFO - Ready to listen
2025-03-20 10:42:31,540 - root - DEBUG - Waiting for audio input...
2025-03-20 10:42:34,559 - root - INFO - Processing audio...
2025-03-20 10:42:36,583 - root - INFO - Original: все механизмы жизнеобеспечения
2025-03-20 10:42:36,583 - root - INFO - Processed: все механизмы жизнеобеспечения
2025-03-20 10:42:36,584 - __main__ - INFO - Processing command: все механизмы жизнеобеспечения
2025-03-20 10:42:36,584 - root - INFO - Processing command: все механизмы жизнеобеспечения
2025-03-20 10:42:36,585 - root - INFO - Unknown command: все механизмы жизнеобеспечения
2025-03-20 10:42:36,585 - root - DEBUG - Waiting for audio input...
2025-03-20 10:42:38,407 - root - INFO - Processing audio...
2025-03-20 10:42:39,620 - root - DEBUG - Could not understand audio
2025-03-20 10:42:39,621 - root - DEBUG - Waiting for audio input...
2025-03-20 10:42:40,003 - root - DEBUG - Waiting for audio input...
2025-03-20 10:42:40,483 - root - DEBUG - Waiting for audio input...
2025-03-20 10:42:40,973 - root - DEBUG - Waiting for audio input...
2025-03-20 10:42:41,463 - root - DEBUG - Waiting for audio input...
2025-03-20 10:42:41,953 - root - DEBUG - Waiting for audio input...
2025-03-20 10:42:42,433 - root - DEBUG - Waiting for audio input...
2025-03-20 10:42:42,923 - root - DEBUG - Waiting for audio input...
2025-03-20 10:42:43,413 - root - DEBUG - Waiting for audio input...
2025-03-20 10:42:43,903 - root - DEBUG - Waiting for audio input...
2025-03-20 10:42:44,973 - root - DEBUG - Waiting for audio input...
2025-03-20 10:42:46,503 - root - INFO - Processing audio...
2025-03-20 10:42:55,691 - root - DEBUG - Could not understand audio
2025-03-20 10:42:55,692 - root - DEBUG - Waiting for audio input...
2025-03-20 10:42:56,074 - root - DEBUG - Waiting for audio input...
2025-03-20 10:42:56,554 - root - DEBUG - Waiting for audio input...
2025-03-20 10:42:57,044 - root - DEBUG - Waiting for audio input...
2025-03-20 10:42:57,534 - root - DEBUG - Waiting for audio input...
2025-03-20 10:42:58,744 - root - DEBUG - Waiting for audio input...
2025-03-20 10:42:59,224 - root - DEBUG - Waiting for audio input...
2025-03-20 10:42:59,714 - root - DEBUG - Waiting for audio input...
2025-03-20 10:43:00,204 - root - DEBUG - Waiting for audio input...
2025-03-20 10:43:00,694 - root - DEBUG - Waiting for audio input...
2025-03-20 10:43:01,174 - root - DEBUG - Waiting for audio input...
2025-03-20 10:43:01,664 - root - DEBUG - Waiting for audio input...
2025-03-20 10:43:02,154 - root - DEBUG - Waiting for audio input...
2025-03-20 10:43:02,644 - root - DEBUG - Waiting for audio input...
2025-03-20 10:43:03,134 - root - DEBUG - Waiting for audio input...
2025-03-20 10:43:03,614 - root - DEBUG - Waiting for audio input...
2025-03-20 10:43:04,104 - root - DEBUG - Waiting for audio input...
2025-03-20 10:43:04,594 - root - DEBUG - Waiting for audio input...
2025-03-20 10:43:05,083 - root - DEBUG - Waiting for audio input...
2025-03-20 10:43:05,564 - root - DEBUG - Waiting for audio input...
2025-03-20 10:43:06,054 - root - DEBUG - Waiting for audio input...
2025-03-20 10:43:06,544 - root - DEBUG - Waiting for audio input...
2025-03-20 10:43:07,034 - root - DEBUG - Waiting for audio input...
2025-03-20 10:43:07,514 - root - DEBUG - Waiting for audio input...
2025-03-20 10:43:08,004 - root - DEBUG - Waiting for audio input...
2025-03-20 10:43:08,494 - root - DEBUG - Waiting for audio input...
2025-03-20 10:43:08,984 - root - DEBUG - Waiting for audio input...
2025-03-20 10:43:09,464 - root - DEBUG - Waiting for audio input...
2025-03-20 10:43:10,744 - root - DEBUG - Waiting for audio input...
2025-03-20 10:43:11,234 - root - DEBUG - Waiting for audio input...
2025-03-20 10:43:11,723 - root - DEBUG - Waiting for audio input...
2025-03-20 10:43:13,644 - root - INFO - Processing audio...
2025-03-20 10:43:14,569 - root - DEBUG - Could not understand audio
2025-03-20 10:43:14,569 - root - DEBUG - Waiting for audio input...
2025-03-20 10:43:14,952 - root - DEBUG - Waiting for audio input...
2025-03-20 10:43:16,042 - root - DEBUG - Waiting for audio input...
2025-03-20 10:43:16,532 - root - DEBUG - Waiting for audio input...
2025-03-20 10:43:17,012 - root - DEBUG - Waiting for audio input...
2025-03-20 10:43:17,502 - root - DEBUG - Waiting for audio input...
2025-03-20 10:43:18,382 - root - DEBUG - Waiting for audio input...
2025-03-20 10:43:18,872 - root - DEBUG - Waiting for audio input...
2025-03-20 10:43:19,362 - root - DEBUG - Waiting for audio input...
2025-03-20 10:43:19,852 - root - DEBUG - Waiting for audio input...
2025-03-20 10:43:21,012 - root - DEBUG - Waiting for audio input...
2025-03-20 10:43:21,492 - root - DEBUG - Waiting for audio input...
2025-03-20 10:43:21,982 - root - DEBUG - Waiting for audio input...
2025-03-20 10:43:23,072 - root - DEBUG - Waiting for audio input...
2025-03-20 10:43:23,562 - root - DEBUG - Waiting for audio input...
2025-03-20 10:43:26,792 - root - INFO - Processing audio...
2025-03-20 10:43:28,100 - root - DEBUG - Could not understand audio
2025-03-20 10:43:28,101 - root - DEBUG - Waiting for audio input...
2025-03-20 10:43:29,113 - root - DEBUG - Waiting for audio input...
2025-03-20 10:43:29,603 - root - DEBUG - Waiting for audio input...
2025-03-20 10:43:30,093 - root - DEBUG - Waiting for audio input...
2025-03-20 10:43:30,583 - root - DEBUG - Waiting for audio input...
2025-03-20 10:43:31,063 - root - DEBUG - Waiting for audio input...
2025-03-20 10:43:33,113 - root - INFO - Processing audio...
2025-03-20 10:43:34,128 - root - DEBUG - Could not understand audio
2025-03-20 10:43:34,129 - root - DEBUG - Waiting for audio input...
2025-03-20 10:43:34,511 - root - DEBUG - Waiting for audio input...
2025-03-20 10:43:34,991 - root - DEBUG - Waiting for audio input...
2025-03-20 10:43:35,480 - root - DEBUG - Waiting for audio input...
2025-03-20 10:43:35,971 - root - DEBUG - Waiting for audio input...
2025-03-20 10:43:36,461 - root - DEBUG - Waiting for audio input...
2025-03-20 10:43:37,391 - root - DEBUG - Waiting for audio input...
2025-03-20 10:43:40,611 - root - INFO - Processing audio...
2025-03-20 10:43:42,424 - root - DEBUG - Could not understand audio
2025-03-20 10:43:42,425 - root - DEBUG - Waiting for audio input...
2025-03-20 10:43:44,317 - root - INFO - Processing audio...
2025-03-20 10:43:45,550 - root - DEBUG - Could not understand audio
2025-03-20 10:43:45,551 - root - DEBUG - Waiting for audio input...
2025-03-20 10:43:45,933 - root - DEBUG - Waiting for audio input...
2025-03-20 10:43:48,503 - root - INFO - Processing audio...
2025-03-20 10:43:49,523 - root - DEBUG - Could not understand audio
2025-03-20 10:43:49,523 - root - DEBUG - Waiting for audio input...
2025-03-20 10:43:49,905 - root - DEBUG - Waiting for audio input...
2025-03-20 10:43:51,245 - root - DEBUG - Waiting for audio input...
2025-03-20 10:43:53,035 - root - INFO - Processing audio...
2025-03-20 10:44:00,958 - root - DEBUG - Could not understand audio
2025-03-20 10:44:00,958 - root - DEBUG - Waiting for audio input...
2025-03-20 10:44:03,090 - root - INFO - Processing audio...
2025-03-20 10:44:04,121 - root - DEBUG - Could not understand audio
2025-03-20 10:44:04,122 - root - DEBUG - Waiting for audio input...
2025-03-20 10:44:05,914 - root - INFO - Processing audio...
2025-03-20 10:44:06,859 - root - DEBUG - Could not understand audio
2025-03-20 10:44:06,860 - root - DEBUG - Waiting for audio input...
2025-03-20 10:44:07,242 - root - DEBUG - Waiting for audio input...
2025-03-20 10:44:07,722 - root - DEBUG - Waiting for audio input...
2025-03-20 10:44:08,892 - root - DEBUG - Waiting for audio input...
2025-03-20 10:44:09,792 - root - DEBUG - Waiting for audio input...
2025-03-20 10:44:10,283 - root - DEBUG - Waiting for audio input...
2025-03-20 10:44:10,772 - root - DEBUG - Waiting for audio input...
2025-03-20 10:44:11,252 - root - DEBUG - Waiting for audio input...
2025-03-20 10:44:11,742 - root - DEBUG - Waiting for audio input...
2025-03-20 10:44:12,232 - root - DEBUG - Waiting for audio input...
2025-03-20 10:44:12,722 - root - DEBUG - Waiting for audio input...
2025-03-20 10:44:13,202 - root - DEBUG - Waiting for audio input...
2025-03-20 10:44:13,692 - root - DEBUG - Waiting for audio input...
2025-03-20 10:44:14,182 - root - DEBUG - Waiting for audio input...
2025-03-20 10:44:14,672 - root - DEBUG - Waiting for audio input...
2025-03-20 10:44:15,152 - root - DEBUG - Waiting for audio input...
2025-03-20 10:44:15,642 - root - DEBUG - Waiting for audio input...
2025-03-20 10:44:16,502 - root - DEBUG - Waiting for audio input...
2025-03-20 10:44:16,992 - root - DEBUG - Waiting for audio input...
2025-03-20 10:44:17,483 - root - DEBUG - Waiting for audio input...
2025-03-20 10:44:20,682 - root - INFO - Processing audio...
2025-03-20 10:44:22,668 - root - DEBUG - Could not understand audio
2025-03-20 10:44:22,669 - root - DEBUG - Waiting for audio input...
2025-03-20 10:44:23,051 - root - DEBUG - Waiting for audio input...
2025-03-20 10:44:23,531 - root - DEBUG - Waiting for audio input...
2025-03-20 10:44:25,111 - root - INFO - Processing audio...
2025-03-20 10:44:26,584 - root - DEBUG - Could not understand audio
2025-03-20 10:44:26,584 - root - DEBUG - Waiting for audio input...
2025-03-20 10:44:27,656 - root - DEBUG - Waiting for audio input...
2025-03-20 10:44:28,146 - root - DEBUG - Waiting for audio input...
2025-03-20 10:44:28,636 - root - DEBUG - Waiting for audio input...
2025-03-20 10:44:29,126 - root - DEBUG - Waiting for audio input...
2025-03-20 10:44:29,606 - root - DEBUG - Waiting for audio input...
2025-03-20 10:44:32,656 - root - INFO - Processing audio...
2025-03-20 10:44:33,806 - root - DEBUG - Could not understand audio
2025-03-20 10:44:33,806 - root - DEBUG - Waiting for audio input...
2025-03-20 10:44:35,430 - root - INFO - Processing audio...
2025-03-20 10:44:36,368 - root - DEBUG - Could not understand audio
2025-03-20 10:44:36,368 - root - DEBUG - Waiting for audio input...
2025-03-20 10:44:39,531 - root - INFO - Processing audio...
2025-03-20 10:44:41,221 - root - DEBUG - Could not understand audio
2025-03-20 10:44:41,221 - root - DEBUG - Waiting for audio input...
2025-03-20 10:44:43,253 - root - INFO - Processing audio...
2025-03-20 10:44:59,928 - root - DEBUG - Could not understand audio
2025-03-20 10:44:59,928 - root - DEBUG - Waiting for audio input...
2025-03-20 10:45:00,310 - root - DEBUG - Waiting for audio input...
2025-03-20 10:45:00,790 - root - DEBUG - Waiting for audio input...
2025-03-20 10:45:03,910 - root - INFO - Processing audio...
2025-03-20 10:45:07,669 - root - DEBUG - Could not understand audio
2025-03-20 10:45:07,670 - root - DEBUG - Waiting for audio input...
2025-03-20 10:45:10,602 - root - INFO - Processing audio...
2025-03-20 10:45:12,442 - root - DEBUG - Could not understand audio
2025-03-20 10:45:12,443 - root - DEBUG - Waiting for audio input...
2025-03-20 10:45:15,366 - root - INFO - Processing audio...
2025-03-20 10:45:20,178 - root - DEBUG - Could not understand audio
2025-03-20 10:45:20,179 - root - DEBUG - Waiting for audio input...
2025-03-20 10:45:23,091 - root - INFO - Processing audio...
2025-03-20 10:45:32,226 - root - DEBUG - Could not understand audio
2025-03-20 10:45:32,226 - root - DEBUG - Waiting for audio input...
2025-03-20 10:45:35,139 - root - INFO - Processing audio...
2025-03-20 10:45:37,240 - root - DEBUG - Could not understand audio
2025-03-20 10:45:37,241 - root - DEBUG - Waiting for audio input...
2025-03-20 10:45:40,153 - root - INFO - Processing audio...
2025-03-20 10:45:41,217 - root - DEBUG - Could not understand audio
2025-03-20 10:45:41,218 - root - DEBUG - Waiting for audio input...
2025-03-20 10:45:44,131 - root - INFO - Processing audio...
2025-03-20 10:45:45,358 - root - DEBUG - Could not understand audio
2025-03-20 10:45:45,359 - root - DEBUG - Waiting for audio input...
2025-03-20 10:45:48,281 - root - INFO - Processing audio...
2025-03-20 10:45:50,797 - root - DEBUG - Could not understand audio
2025-03-20 10:45:50,797 - root - DEBUG - Waiting for audio input...
2025-03-20 10:45:53,710 - root - INFO - Processing audio...
2025-03-20 10:45:55,043 - root - DEBUG - Could not understand audio
2025-03-20 10:45:55,044 - root - DEBUG - Waiting for audio input...
2025-03-20 10:45:57,955 - root - INFO - Processing audio...
2025-03-20 10:45:59,605 - root - DEBUG - Could not understand audio
2025-03-20 10:45:59,605 - root - DEBUG - Waiting for audio input...
2025-03-20 10:46:02,517 - root - INFO - Processing audio...
2025-03-20 10:46:04,651 - root - DEBUG - Could not understand audio
2025-03-20 10:46:04,651 - root - DEBUG - Waiting for audio input...
2025-03-20 10:46:07,563 - root - INFO - Processing audio...
2025-03-20 10:46:10,123 - root - DEBUG - Could not understand audio
2025-03-20 10:46:10,124 - root - DEBUG - Waiting for audio input...
2025-03-20 10:46:13,046 - root - INFO - Processing audio...
2025-03-20 10:46:15,371 - root - DEBUG - Could not understand audio
2025-03-20 10:46:15,372 - root - DEBUG - Waiting for audio input...
2025-03-20 10:46:18,284 - root - INFO - Processing audio...
2025-03-20 10:46:26,801 - root - DEBUG - Could not understand audio
2025-03-20 10:46:26,802 - root - DEBUG - Waiting for audio input...
2025-03-20 10:46:29,714 - root - INFO - Processing audio...
2025-03-20 10:46:32,441 - root - DEBUG - Could not understand audio
2025-03-20 10:46:32,441 - root - DEBUG - Waiting for audio input...
2025-03-20 10:46:35,353 - root - INFO - Processing audio...
2025-03-20 10:46:37,032 - root - DEBUG - Could not understand audio
2025-03-20 10:46:37,033 - root - DEBUG - Waiting for audio input...
2025-03-20 10:46:39,945 - root - INFO - Processing audio...
2025-03-20 10:46:41,100 - root - DEBUG - Could not understand audio
2025-03-20 10:46:41,101 - root - DEBUG - Waiting for audio input...
2025-03-20 10:46:44,023 - root - INFO - Processing audio...
2025-03-20 10:46:45,258 - root - DEBUG - Could not understand audio
2025-03-20 10:46:45,258 - root - DEBUG - Waiting for audio input...
2025-03-20 10:46:48,171 - root - INFO - Processing audio...
2025-03-20 10:46:50,437 - root - DEBUG - Could not understand audio
2025-03-20 10:46:50,438 - root - DEBUG - Waiting for audio input...
2025-03-20 10:46:53,350 - root - INFO - Processing audio...
2025-03-20 10:46:56,462 - root - DEBUG - Could not understand audio
2025-03-20 10:46:56,462 - root - DEBUG - Waiting for audio input...
2025-03-20 10:46:59,375 - root - INFO - Processing audio...
2025-03-20 10:47:00,679 - root - DEBUG - Could not understand audio
2025-03-20 10:47:00,680 - root - DEBUG - Waiting for audio input...
2025-03-20 10:47:03,602 - root - INFO - Processing audio...
2025-03-20 10:47:04,987 - root - DEBUG - Could not understand audio
2025-03-20 10:47:04,987 - root - DEBUG - Waiting for audio input...
2025-03-20 10:47:07,900 - root - INFO - Processing audio...
2025-03-20 10:47:09,668 - root - DEBUG - Could not understand audio
2025-03-20 10:47:09,669 - root - DEBUG - Waiting for audio input...
2025-03-20 10:47:12,581 - root - INFO - Processing audio...
2025-03-20 10:47:15,653 - root - DEBUG - Could not understand audio
2025-03-20 10:47:15,654 - root - DEBUG - Waiting for audio input...
2025-03-20 10:47:18,566 - root - INFO - Processing audio...
2025-03-20 10:47:23,238 - root - DEBUG - Could not understand audio
2025-03-20 10:47:23,238 - root - DEBUG - Waiting for audio input...
2025-03-20 10:47:24,681 - root - INFO - Processing audio...
2025-03-20 10:47:30,101 - root - DEBUG - Could not understand audio
2025-03-20 10:47:30,101 - root - DEBUG - Waiting for audio input...
2025-03-20 10:47:31,044 - root - DEBUG - Waiting for audio input...
2025-03-20 10:47:34,134 - root - INFO - Processing audio...
2025-03-20 10:47:37,644 - root - DEBUG - Could not understand audio
2025-03-20 10:47:37,644 - root - DEBUG - Waiting for audio input...
2025-03-20 10:47:40,597 - root - INFO - Processing audio...
2025-03-20 10:47:45,928 - root - DEBUG - Could not understand audio
2025-03-20 10:47:45,929 - root - DEBUG - Waiting for audio input...
2025-03-20 10:47:48,842 - root - INFO - Processing audio...
2025-03-20 10:47:53,256 - root - DEBUG - Could not understand audio
2025-03-20 10:47:53,257 - root - DEBUG - Waiting for audio input...
2025-03-20 10:47:56,170 - root - INFO - Processing audio...
2025-03-20 10:47:58,877 - root - INFO - Original: Открой YouTube б****
2025-03-20 10:47:58,877 - root - INFO - Processed: открой youtube б
2025-03-20 10:47:58,877 - __main__ - INFO - Processing command: открой youtube б
2025-03-20 10:47:58,878 - root - INFO - Processing command: открой youtube б
2025-03-20 10:47:58,878 - root - INFO - Unknown command: открой youtube б
2025-03-20 10:47:58,879 - root - DEBUG - Waiting for audio input...
2025-03-20 10:48:01,791 - root - INFO - Processing audio...
2025-03-20 10:48:04,949 - root - DEBUG - Could not understand audio
2025-03-20 10:48:04,949 - root - DEBUG - Waiting for audio input...
2025-03-20 10:48:07,871 - root - INFO - Processing audio...
2025-03-20 10:48:10,107 - root - DEBUG - Could not understand audio
2025-03-20 10:48:10,108 - root - DEBUG - Waiting for audio input...
2025-03-20 10:48:13,019 - root - INFO - Processing audio...
2025-03-20 10:48:16,807 - root - INFO - Original: YouTube включи YouTube
2025-03-20 10:48:16,808 - root - INFO - Processed: youtube включи youtube
2025-03-20 10:48:16,809 - __main__ - INFO - Processing command: youtube включи youtube
2025-03-20 10:48:16,809 - root - INFO - Processing command: youtube включи youtube
2025-03-20 10:48:16,809 - root - INFO - Unknown command: youtube включи youtube
2025-03-20 10:48:16,810 - root - DEBUG - Waiting for audio input...
2025-03-20 10:48:19,722 - root - INFO - Processing audio...
2025-03-20 10:48:21,791 - root - DEBUG - Could not understand audio
2025-03-20 10:48:21,792 - root - DEBUG - Waiting for audio input...
2025-03-20 10:48:24,704 - root - INFO - Processing audio...
2025-03-20 10:48:26,984 - root - INFO - Original: Включи приложение
2025-03-20 10:48:26,984 - root - INFO - Processed: включи приложение
2025-03-20 10:48:26,985 - __main__ - INFO - Processing command: включи приложение
2025-03-20 10:48:26,985 - root - INFO - Processing command: включи приложение
2025-03-20 10:48:26,985 - root - INFO - Unknown command: включи приложение
2025-03-20 10:48:26,986 - root - DEBUG - Waiting for audio input...
2025-03-20 10:48:29,897 - root - INFO - Processing audio...
2025-03-20 10:48:32,004 - root - INFO - Original: Открой приложение
2025-03-20 10:48:32,004 - root - INFO - Processed: открой приложение
2025-03-20 10:48:32,005 - __main__ - INFO - Processing command: открой приложение
2025-03-20 10:48:32,005 - root - INFO - Processing command: открой приложение
2025-03-20 10:48:32,006 - WDM - INFO - ====== WebDriver manager ======
2025-03-20 10:48:32,452 - WDM - INFO - Get LATEST chromedriver version for google-chrome
2025-03-20 10:48:32,457 - urllib3.connectionpool - DEBUG - Starting new HTTPS connection (1): chromedriver.storage.googleapis.com:443
2025-03-20 10:48:33,416 - urllib3.connectionpool - DEBUG - https://chromedriver.storage.googleapis.com:443 "GET /LATEST_RELEASE HTTP/1.1" 200 13
2025-03-20 10:48:33,418 - WDM - INFO - About to download new driver from https://chromedriver.storage.googleapis.com/114.0.5735.90/chromedriver_win32.zip
2025-03-20 10:48:33,420 - urllib3.connectionpool - DEBUG - Starting new HTTPS connection (1): chromedriver.storage.googleapis.com:443
2025-03-20 10:48:34,208 - urllib3.connectionpool - DEBUG - https://chromedriver.storage.googleapis.com:443 "GET /114.0.5735.90/chromedriver_win32.zip HTTP/1.1" 200 6603303
2025-03-20 10:48:34,209 - WDM - INFO - Driver downloading response is 200
2025-03-20 10:49:08,112 - WDM - INFO - Get LATEST chromedriver version for google-chrome
2025-03-20 10:49:08,114 - urllib3.connectionpool - DEBUG - Starting new HTTPS connection (1): chromedriver.storage.googleapis.com:443
2025-03-20 10:49:09,472 - urllib3.connectionpool - DEBUG - https://chromedriver.storage.googleapis.com:443 "GET /LATEST_RELEASE HTTP/1.1" 200 13
2025-03-20 10:49:09,877 - WDM - INFO - Get LATEST chromedriver version for google-chrome
2025-03-20 10:49:09,879 - urllib3.connectionpool - DEBUG - Starting new HTTPS connection (1): chromedriver.storage.googleapis.com:443
2025-03-20 10:49:10,586 - urllib3.connectionpool - DEBUG - https://chromedriver.storage.googleapis.com:443 "GET /LATEST_RELEASE HTTP/1.1" 200 13
2025-03-20 10:49:10,817 - WDM - INFO - Driver has been saved in cache [C:\Users\Григорий\.wdm\drivers\chromedriver\win64\114.0.5735.90]
2025-03-20 10:49:12,087 - selenium.webdriver.remote.remote_connection - DEBUG - POST http://localhost:59780/session {"capabilities": {"firstMatch": [{}], "alwaysMatch": {"browserName": "chrome", "pageLoadStrategy": "normal", "goog:chromeOptions": {"excludeSwitches": ["enable-automation"], "useAutomationExtension": false, "extensions": [], "args": ["--start-maximized", "--disable-notifications", "--disable-popup-blocking", "--disable-blink-features=AutomationControlled"]}}}, "desiredCapabilities": {"browserName": "chrome", "pageLoadStrategy": "normal", "goog:chromeOptions": {"excludeSwitches": ["enable-automation"], "useAutomationExtension": false, "extensions": [], "args": ["--start-maximized", "--disable-notifications", "--disable-popup-blocking", "--disable-blink-features=AutomationControlled"]}}}
2025-03-20 10:49:12,088 - urllib3.connectionpool - DEBUG - Starting new HTTP connection (1): localhost:59780
2025-03-20 10:49:12,121 - urllib3.connectionpool - DEBUG - http://localhost:59780 "POST /session HTTP/1.1" 500 834
2025-03-20 10:49:12,122 - selenium.webdriver.remote.remote_connection - DEBUG - Finished Request
2025-03-20 10:49:13,137 - app.browser_manager - ERROR - Error opening browser: Message: unknown error: cannot find Chrome binary
Stacktrace:
Backtrace:
	GetHandleVerifier [0x004DA813+48355]
	(No symbol) [0x0046C4B1]
	(No symbol) [0x00375358]
	(No symbol) [0x00391A9E]
	(No symbol) [0x00390579]
	(No symbol) [0x003C0C55]
	(No symbol) [0x003C093C]
	(No symbol) [0x003BA536]
	(No symbol) [0x003982DC]
	(No symbol) [0x003993DD]
	GetHandleVerifier [0x0073AABD+2539405]
	GetHandleVerifier [0x0077A78F+2800735]
	GetHandleVerifier [0x0077456C+2775612]
	GetHandleVerifier [0x005651E0+616112]
	(No symbol) [0x00475F8C]
	(No symbol) [0x00472328]
	(No symbol) [0x0047240B]
	(No symbol) [0x00464FF7]
	BaseThreadInitThunk [0x755AFCC9+25]
	RtlGetAppContainerNamedObjectPath [0x770480CE+286]
	RtlGetAppContainerNamedObjectPath [0x7704809E+238]

2025-03-20 10:49:13,145 - root - DEBUG - Waiting for audio input...
2025-03-20 10:49:16,067 - root - INFO - Processing audio...
2025-03-20 10:49:17,637 - root - DEBUG - Could not understand audio
2025-03-20 10:49:17,638 - root - DEBUG - Waiting for audio input...
2025-03-20 10:49:20,550 - root - INFO - Processing audio...
2025-03-20 10:49:25,362 - root - INFO - Original: слово чудо фигурировала в предпо
2025-03-20 10:49:25,362 - root - INFO - Processed: слово чудо фигурировала в предпо
2025-03-20 10:49:25,363 - __main__ - INFO - Processing command: слово чудо фигурировала в предпо
2025-03-20 10:49:25,363 - root - INFO - Processing command: слово чудо фигурировала в предпо
2025-03-20 10:49:25,364 - root - INFO - Unknown command: слово чудо фигурировала в предпо
2025-03-20 10:49:25,364 - root - DEBUG - Waiting for audio input...
2025-03-20 10:49:28,276 - root - INFO - Processing audio...
2025-03-20 10:49:31,955 - root - INFO - Original: Открой приложение
2025-03-20 10:49:31,956 - root - INFO - Processed: открой приложение
2025-03-20 10:49:31,957 - __main__ - INFO - Processing command: открой приложение
2025-03-20 10:49:31,957 - root - INFO - Processing command: открой приложение
2025-03-20 10:49:31,958 - WDM - INFO - ====== WebDriver manager ======
2025-03-20 10:49:32,429 - WDM - INFO - Get LATEST chromedriver version for google-chrome
2025-03-20 10:49:32,431 - urllib3.connectionpool - DEBUG - Starting new HTTPS connection (1): chromedriver.storage.googleapis.com:443
2025-03-20 10:49:33,287 - urllib3.connectionpool - DEBUG - https://chromedriver.storage.googleapis.com:443 "GET /LATEST_RELEASE HTTP/1.1" 200 13
2025-03-20 10:49:33,288 - WDM - INFO - About to download new driver from https://chromedriver.storage.googleapis.com/114.0.5735.90/chromedriver_win32.zip
2025-03-20 10:49:33,290 - urllib3.connectionpool - DEBUG - Starting new HTTPS connection (1): chromedriver.storage.googleapis.com:443
2025-03-20 10:49:34,123 - urllib3.connectionpool - DEBUG - https://chromedriver.storage.googleapis.com:443 "GET /114.0.5735.90/chromedriver_win32.zip HTTP/1.1" 200 6603303
2025-03-20 10:49:34,124 - WDM - INFO - Driver downloading response is 200
